2025-01-24T07:41:20.552Z [INFO]: OPTIONS /api/v1/NotificationSummaries 204 - 28ms
2025-01-24T07:41:20.763Z [INFO]: OPTIONS /api/v1/Notifications 204 - 2ms
2025-01-24T07:41:20.778Z [INFO]: OPTIONS /api/v1/users?limit=3 204 - 2ms
2025-01-24T07:41:20.781Z [INFO]: OPTIONS /api/v1/Posts?size=3 204 - 1ms
2025-01-24T07:41:21.067Z [INFO]: GET /?limit=3 304 - 171ms
2025-01-24T07:41:21.071Z [INFO]: GET / 304 - 285ms
2025-01-24T07:41:21.088Z [INFO]: GET / 304 - 293ms
2025-01-24T07:41:21.108Z [INFO]: GET /?size=3 304 - 211ms
2025-01-24T07:50:52.124Z [INFO]: OPTIONS /api/v1/NotificationSummaries 204 - 6ms
2025-01-24T07:50:52.150Z [INFO]: OPTIONS /api/v1/Notifications 204 - 1ms
2025-01-24T07:50:52.156Z [INFO]: OPTIONS /api/v1/users?limit=3 204 - 1ms
2025-01-24T07:50:52.159Z [INFO]: OPTIONS /api/v1/Posts?size=3 204 - 0ms
2025-01-24T07:50:52.300Z [INFO]: GET / 304 - 155ms
2025-01-24T07:50:52.309Z [INFO]: GET / 304 - 110ms
2025-01-24T07:50:52.318Z [INFO]: GET /?limit=3 304 - 110ms
2025-01-24T07:50:52.363Z [INFO]: GET /?size=3 304 - 155ms
2025-01-24T07:50:53.891Z [INFO]: OPTIONS /api/v1/Posts?page=1&size=5&groupBy= 204 - 2ms
2025-01-24T07:50:54.022Z [INFO]: GET /?page=1&size=5&groupBy= 200 - 78ms
2025-01-24T07:50:54.218Z [INFO]: GET /avatars/av7.jpg 200 - 17ms
2025-01-24T07:50:56.231Z [INFO]: OPTIONS /api/v1/users?order=ASC 204 - 1ms
2025-01-24T07:50:56.263Z [INFO]: GET /?order=ASC 304 - 17ms
2025-01-24T07:50:56.366Z [INFO]: GET /avatars/av3.jpg 200 - 6ms
2025-01-24T07:50:56.396Z [INFO]: GET /avatars/av6.jpg 200 - 35ms
2025-01-24T07:51:06.077Z [INFO]: OPTIONS /api/v1/usergoals?page=1&size=5&groupBy=&userId=16 204 - 1ms
2025-01-24T07:51:06.083Z [INFO]: OPTIONS /api/v1/usergoalcategories?showGroupGoal=true 204 - 1ms
2025-01-24T07:51:06.240Z [INFO]: GET /?page=1&size=5&groupBy=&userId=16 200 - 146ms
2025-01-24T07:51:06.280Z [INFO]: GET /?showGroupGoal=true 200 - 185ms
2025-01-24T07:51:08.944Z [INFO]: OPTIONS /api/v1/users 204 - 1ms
2025-01-24T07:51:08.964Z [INFO]: GET / 200 - 15ms
2025-01-24T07:52:11.158Z [INFO]: OPTIONS /api/v1/users?limit=3 204 - 1ms
2025-01-24T07:52:11.163Z [INFO]: OPTIONS /api/v1/Notifications 204 - 1ms
2025-01-24T07:52:11.166Z [INFO]: OPTIONS /api/v1/NotificationSummaries 204 - 1ms
2025-01-24T07:52:11.168Z [INFO]: OPTIONS /api/v1/Posts?size=3 204 - 0ms
2025-01-24T07:52:11.171Z [INFO]: OPTIONS /api/v1/usergoals?page=1&size=5&groupBy=&userId=16 204 - 1ms
2025-01-24T07:52:11.173Z [INFO]: OPTIONS /api/v1/usergoalcategories?showGroupGoal=true 204 - 0ms
2025-01-24T07:52:11.317Z [INFO]: GET /?limit=3 304 - 126ms
2025-01-24T07:52:11.334Z [INFO]: GET /?showGroupGoal=true 304 - 104ms
2025-01-24T07:52:11.348Z [INFO]: GET / 304 - 156ms
2025-01-24T07:52:11.351Z [INFO]: GET / 304 - 158ms
2025-01-24T07:52:11.354Z [INFO]: GET /?page=1&size=5&groupBy=&userId=16 304 - 147ms
2025-01-24T07:52:11.384Z [INFO]: GET /?size=3 304 - 178ms
2025-01-24T07:52:30.275Z [INFO]: OPTIONS /api/v1/NotificationSummaries 204 - 1ms
2025-01-24T07:52:30.280Z [INFO]: OPTIONS /api/v1/Notifications 204 - 1ms
2025-01-24T07:52:30.283Z [INFO]: OPTIONS /api/v1/Posts?size=3 204 - 1ms
2025-01-24T07:52:30.285Z [INFO]: OPTIONS /api/v1/usergoalcategories?showGroupGoal=true 204 - 1ms
2025-01-24T07:52:30.288Z [INFO]: OPTIONS /api/v1/users?limit=3 204 - 1ms
2025-01-24T07:52:30.291Z [INFO]: OPTIONS /api/v1/usergoals?page=1&size=5&groupBy=&userId=16 204 - 1ms
2025-01-24T07:52:30.391Z [INFO]: GET /?limit=3 304 - 65ms
2025-01-24T07:52:30.395Z [INFO]: GET / 304 - 102ms
2025-01-24T07:52:30.413Z [INFO]: GET / 304 - 118ms
2025-01-24T07:52:30.426Z [INFO]: GET /?page=1&size=5&groupBy=&userId=16 304 - 99ms
2025-01-24T07:52:30.437Z [INFO]: GET /?showGroupGoal=true 304 - 140ms
2025-01-24T07:52:30.461Z [INFO]: GET /?size=3 304 - 165ms
2025-01-24T08:26:46.952Z [INFO]: OPTIONS /api/v1/NotificationSummaries 204 - 26ms
2025-01-24T08:26:47.035Z [INFO]: OPTIONS /api/v1/users?limit=3 204 - 3ms
2025-01-24T08:26:47.043Z [INFO]: OPTIONS /api/v1/Notifications 204 - 1ms
2025-01-24T08:26:47.049Z [INFO]: OPTIONS /api/v1/Posts?size=3 204 - 2ms
2025-01-24T08:26:47.058Z [INFO]: OPTIONS /api/v1/usergoalcategories?showGroupGoal=true 204 - 3ms
2025-01-24T08:26:47.068Z [INFO]: OPTIONS /api/v1/usergoals?page=1&size=5&groupBy=&userId=16 204 - 2ms
2025-01-24T08:26:49.022Z [INFO]: GET /?limit=3 304 - 1900ms
2025-01-24T08:26:49.079Z [INFO]: GET /?page=1&size=5&groupBy=&userId=16 304 - 1612ms
2025-01-24T08:26:49.084Z [INFO]: GET / 304 - 2001ms
2025-01-24T08:26:49.105Z [INFO]: GET /?showGroupGoal=true 304 - 1979ms
2025-01-24T08:26:49.121Z [INFO]: GET / 304 - 1998ms
2025-01-24T08:26:49.139Z [INFO]: GET /?size=3 304 - 2014ms
2025-01-24T08:26:52.086Z [INFO]: OPTIONS /api/v1/users?order=ASC 204 - 1ms
2025-01-24T08:26:52.106Z [INFO]: GET /?order=ASC 304 - 13ms
2025-01-24T08:26:52.230Z [INFO]: GET /avatars/av7.jpg 304 - 13ms
2025-01-24T08:26:52.249Z [INFO]: GET /avatars/av3.jpg 200 - 33ms
2025-01-24T08:26:52.251Z [INFO]: GET /avatars/av6.jpg 200 - 33ms
2025-01-24T08:26:57.106Z [INFO]: OPTIONS /api/v1/Posts?page=1&size=5&groupBy= 204 - 1ms
2025-01-24T08:26:57.188Z [INFO]: GET /?page=1&size=5&groupBy= 304 - 73ms
2025-01-24T08:27:13.151Z [INFO]: OPTIONS /api/v1/NotificationSummaries 204 - 1ms
2025-01-24T08:27:13.154Z [INFO]: OPTIONS /api/v1/Notifications 204 - 1ms
2025-01-24T08:27:13.158Z [INFO]: OPTIONS /api/v1/users?limit=3 204 - 0ms
2025-01-24T08:27:13.161Z [INFO]: OPTIONS /api/v1/Posts?page=1&size=5&groupBy= 204 - 1ms
2025-01-24T08:27:13.163Z [INFO]: OPTIONS /api/v1/Posts?size=3 204 - 1ms
2025-01-24T08:27:13.376Z [INFO]: GET / 304 - 211ms
2025-01-24T08:27:13.430Z [INFO]: GET /?limit=3 304 - 253ms
2025-01-24T08:27:13.453Z [INFO]: GET / 304 - 280ms
2025-01-24T08:27:13.558Z [INFO]: GET /?size=3 304 - 366ms
2025-01-24T08:27:13.573Z [INFO]: GET /?page=1&size=5&groupBy= 304 - 381ms
2025-01-24T08:27:14.036Z [INFO]: GET / 304 - 45ms
2025-01-24T08:27:14.041Z [INFO]: GET /?limit=3 304 - 48ms
2025-01-24T08:27:14.047Z [INFO]: GET / 304 - 55ms
2025-01-24T08:27:14.128Z [INFO]: GET /?size=3 304 - 130ms
2025-01-24T08:27:14.166Z [INFO]: GET /?page=1&size=5&groupBy= 304 - 167ms
