2025-01-13T06:52:34.317Z [INFO]: OPTIONS /api/v1/monthlyGoals 204 - 2ms
2025-01-13T06:52:34.338Z [INFO]: OPTIONS /api/v1/Posts?size=3 204 - 2ms
2025-01-13T06:52:34.369Z [INFO]: OPTIONS /api/v1/usergoals?size=3&userId=48 204 - 1ms
2025-01-13T06:52:34.377Z [INFO]: OPTIONS /api/v1/users?limit=3 204 - 4ms
2025-01-13T06:52:34.383Z [INFO]: OPTIONS /api/v1/Notifications 204 - 1ms
2025-01-13T06:52:34.402Z [INFO]: OPTIONS /api/v1/NotificationSummaries 204 - 2ms
2025-01-13T06:52:34.756Z [INFO]: GET / 304 - 230ms
2025-01-13T06:52:34.808Z [INFO]: GET /?limit=3 304 - 195ms
2025-01-13T06:52:34.835Z [INFO]: GET / 304 - 221ms
2025-01-13T06:52:34.865Z [INFO]: GET /?size=3&userId=48 304 - 248ms
2025-01-13T06:52:34.883Z [INFO]: GET / 304 - 267ms
2025-01-13T06:52:34.988Z [INFO]: GET /?size=3 304 - 458ms
2025-01-13T06:52:43.477Z [INFO]: OPTIONS /api/v1/NotificationSummaries 204 - 2ms
2025-01-13T06:52:43.483Z [INFO]: OPTIONS /api/v1/usergoals?size=3&userId=48 204 - 2ms
2025-01-13T06:52:43.498Z [INFO]: OPTIONS /api/v1/monthlyGoals 204 - 1ms
2025-01-13T06:52:43.505Z [INFO]: OPTIONS /api/v1/Posts?size=3 204 - 1ms
2025-01-13T06:52:43.511Z [INFO]: OPTIONS /api/v1/users?limit=3 204 - 1ms
2025-01-13T06:52:43.516Z [INFO]: OPTIONS /api/v1/Notifications 204 - 1ms
2025-01-13T06:52:46.275Z [INFO]: GET / 304 - 2748ms
2025-01-13T06:52:46.290Z [INFO]: GET /?size=3&userId=48 304 - 2761ms
2025-01-13T06:52:46.300Z [INFO]: GET / 304 - 2764ms
2025-01-13T06:52:46.465Z [INFO]: GET /?limit=3 304 - 2910ms
2025-01-13T06:52:46.476Z [INFO]: GET / 304 - 2920ms
2025-01-13T06:52:46.716Z [INFO]: OPTIONS /api/v1/Posts?page=1&size=5&groupBy= 204 - 1ms
2025-01-13T06:52:51.180Z [INFO]: GET /?size=3 304 - 7642ms
2025-01-13T06:52:54.528Z [INFO]: GET /?page=1&size=5&groupBy= 304 - 7803ms
2025-01-13T06:52:54.599Z [INFO]: GET /avatars/av7.jpg 200 - 16ms
2025-01-13T06:53:17.417Z [INFO]: OPTIONS /api/v1/NotificationSummaries 204 - 2ms
2025-01-13T06:53:17.429Z [INFO]: OPTIONS /api/v1/Notifications 204 - 1ms
2025-01-13T06:53:17.446Z [INFO]: OPTIONS /api/v1/users?limit=3 204 - 1ms
2025-01-13T06:53:17.461Z [INFO]: OPTIONS /api/v1/Posts?size=3 204 - 1ms
2025-01-13T06:53:17.467Z [INFO]: OPTIONS /api/v1/Posts?page=1&size=5&groupBy= 204 - 1ms
2025-01-13T06:53:17.585Z [INFO]: GET / 304 - 135ms
2025-01-13T06:53:17.595Z [INFO]: GET / 304 - 124ms
2025-01-13T06:53:17.603Z [INFO]: GET /?limit=3 304 - 130ms
2025-01-13T06:53:17.689Z [INFO]: GET /?page=1&size=5&groupBy= 304 - 184ms
2025-01-13T06:53:17.702Z [INFO]: GET /?size=3 304 - 203ms
2025-01-13T06:53:18.744Z [INFO]: GET / 304 - 11ms
2025-01-13T06:53:18.804Z [INFO]: GET / 304 - 54ms
2025-01-13T06:53:18.810Z [INFO]: GET /?limit=3 304 - 58ms
2025-01-13T06:53:18.908Z [INFO]: GET /?size=3 304 - 154ms
2025-01-13T06:53:18.948Z [INFO]: GET /?page=1&size=5&groupBy= 304 - 135ms
2025-01-13T06:53:21.369Z [INFO]: POST /logout 200 - 2ms
2025-01-13T06:53:27.438Z [INFO]: OPTIONS /api/v1/users/login 204 - 1ms
2025-01-13T06:53:27.478Z [ERROR]: User does not exist
2025-01-13T06:53:27.481Z [WARN]: POST /login 400 - 11ms
2025-01-13T06:54:02.795Z [INFO]: OPTIONS /api/v1/users/login 204 - 0ms
2025-01-13T06:54:03.102Z [INFO]: POST /login 200 - 302ms
2025-01-13T06:54:06.263Z [INFO]: OPTIONS /api/v1/NotificationSummaries 204 - 1ms
2025-01-13T06:54:06.266Z [INFO]: OPTIONS /api/v1/Notifications 204 - 1ms
2025-01-13T06:54:06.270Z [INFO]: OPTIONS /api/v1/monthlyGoals 204 - 1ms
2025-01-13T06:54:06.275Z [INFO]: OPTIONS /api/v1/usergoals?size=3&userId=48 204 - 1ms
2025-01-13T06:54:06.278Z [INFO]: OPTIONS /api/v1/users?limit=3 204 - 1ms
2025-01-13T06:54:06.283Z [INFO]: OPTIONS /api/v1/Posts?size=3 204 - 1ms
2025-01-13T06:54:06.335Z [INFO]: GET / 304 - 49ms
2025-01-13T06:54:06.340Z [INFO]: GET / 304 - 46ms
2025-01-13T06:54:06.353Z [INFO]: GET / 304 - 61ms
2025-01-13T06:54:06.366Z [INFO]: GET /?size=3&userId=48 304 - 71ms
2025-01-13T06:54:06.381Z [INFO]: GET /?limit=3 304 - 68ms
2025-01-13T06:54:06.417Z [INFO]: GET /?size=3 304 - 84ms
2025-01-13T06:54:08.667Z [INFO]: OPTIONS /api/v1/usergoals?page=1&size=5&groupBy=&userId=48 204 - 2ms
2025-01-13T06:54:08.672Z [INFO]: OPTIONS /api/v1/usergoalcategories?showGroupGoal=true 204 - 1ms
2025-01-13T06:54:08.710Z [INFO]: GET /?page=1&size=5&groupBy=&userId=48 200 - 27ms
2025-01-13T06:54:08.720Z [INFO]: GET /?showGroupGoal=true 304 - 36ms
2025-01-13T06:54:10.482Z [INFO]: OPTIONS /api/v1/usergoalcategories?showGroupGoal=false 204 - 0ms
2025-01-13T06:54:10.499Z [INFO]: GET /?showGroupGoal=false 200 - 13ms
2025-01-13T06:54:42.025Z [INFO]: OPTIONS /api/v1/usergoalcategories?showGroupGoal=false 204 - 2ms
2025-01-13T06:54:42.056Z [INFO]: GET /?showGroupGoal=false 304 - 26ms
2025-01-13T06:54:43.660Z [INFO]: OPTIONS /api/v1/users 204 - 1ms
2025-01-13T06:54:43.671Z [INFO]: GET / 200 - 7ms
2025-01-13T06:54:51.874Z [INFO]: OPTIONS /api/v1/usergoals 204 - 1ms
2025-01-13T06:54:51.989Z [INFO]: user goal created
2025-01-13T06:54:51.991Z [INFO]: POST / 201 - 112ms
2025-01-13T06:54:52.001Z [ERROR]: User 48 is not connected
2025-01-13T06:54:52.002Z [ERROR]: User 48 is not connected
2025-01-13T06:54:52.003Z [ERROR]: User 48 is not connected
2025-01-13T06:54:52.004Z [ERROR]: User 48 is not connected
2025-01-13T06:54:52.005Z [ERROR]: User 48 is not connected
2025-01-13T06:54:52.006Z [ERROR]: User 48 is not connected
2025-01-13T06:54:52.007Z [ERROR]: User 48 is not connected
2025-01-13T06:54:52.013Z [INFO]: OPTIONS /api/v1/usergoals?page=1&size=5&groupBy=&userId=48 204 - 1ms
2025-01-13T06:54:52.059Z [INFO]: GET /?page=1&size=5&groupBy=&userId=48 200 - 22ms
2025-01-13T06:55:04.814Z [INFO]: OPTIONS /api/v1/NotificationSummaries 204 - 0ms
2025-01-13T06:55:04.816Z [INFO]: OPTIONS /api/v1/Notifications 204 - 0ms
2025-01-13T06:55:04.819Z [INFO]: OPTIONS /api/v1/Posts?size=3 204 - 0ms
2025-01-13T06:55:04.822Z [INFO]: OPTIONS /api/v1/usergoals?page=1&size=5&groupBy=&userId=48 204 - 1ms
2025-01-13T06:55:04.826Z [INFO]: OPTIONS /api/v1/usergoalcategories?showGroupGoal=true 204 - 1ms
2025-01-13T06:55:04.828Z [INFO]: OPTIONS /api/v1/users?limit=3 204 - 0ms
2025-01-13T06:55:04.912Z [INFO]: GET / 304 - 80ms
2025-01-13T06:55:04.916Z [INFO]: GET / 304 - 85ms
2025-01-13T06:55:04.933Z [INFO]: GET /?page=1&size=5&groupBy=&userId=48 304 - 82ms
2025-01-13T06:55:04.949Z [INFO]: GET /?limit=3 304 - 90ms
2025-01-13T06:55:04.965Z [INFO]: GET /?showGroupGoal=true 304 - 113ms
2025-01-13T06:55:04.999Z [INFO]: GET /?size=3 304 - 160ms
2025-01-13T06:55:05.938Z [INFO]: GET / 304 - 26ms
2025-01-13T06:55:05.983Z [INFO]: GET / 304 - 66ms
2025-01-13T06:55:05.991Z [INFO]: GET /?limit=3 304 - 72ms
2025-01-13T06:55:06.062Z [INFO]: GET /?page=1&size=5&groupBy=&userId=48 304 - 128ms
2025-01-13T06:55:06.079Z [INFO]: GET /?showGroupGoal=true 304 - 143ms
2025-01-13T06:55:06.116Z [INFO]: GET /?size=3 304 - 186ms
2025-01-13T06:55:08.173Z [INFO]: OPTIONS /api/v1/usergoals/256/status 204 - 0ms
2025-01-13T06:55:08.224Z [INFO]: PATCH /256/status 200 - 45ms
2025-01-13T06:56:31.359Z [INFO]: OPTIONS /api/v1/NotificationSummaries 204 - 2ms
2025-01-13T06:56:31.380Z [INFO]: OPTIONS /api/v1/users?limit=3 204 - 3ms
2025-01-13T06:56:31.399Z [INFO]: OPTIONS /api/v1/Notifications 204 - 1ms
2025-01-13T06:56:31.409Z [INFO]: OPTIONS /api/v1/usergoals?page=1&size=5&groupBy=&userId=48 204 - 3ms
2025-01-13T06:56:31.421Z [INFO]: OPTIONS /api/v1/Posts?size=3 204 - 1ms
2025-01-13T06:56:31.432Z [INFO]: OPTIONS /api/v1/usergoalcategories?showGroupGoal=true 204 - 2ms
2025-01-13T06:56:31.572Z [INFO]: GET / 304 - 179ms
2025-01-13T06:56:31.582Z [INFO]: GET /?limit=3 304 - 145ms
2025-01-13T06:56:31.616Z [INFO]: GET /?page=1&size=5&groupBy=&userId=48 200 - 127ms
2025-01-13T06:56:31.632Z [INFO]: GET / 304 - 144ms
2025-01-13T06:56:31.663Z [INFO]: GET /?showGroupGoal=true 304 - 156ms
2025-01-13T06:56:31.702Z [INFO]: GET /?size=3 304 - 212ms
2025-01-13T06:56:32.374Z [INFO]: GET / 304 - 20ms
2025-01-13T06:56:32.492Z [INFO]: GET /?limit=3 304 - 123ms
2025-01-13T06:56:32.517Z [INFO]: GET / 304 - 150ms
2025-01-13T06:56:32.569Z [INFO]: GET /?page=1&size=5&groupBy=&userId=48 304 - 172ms
2025-01-13T06:56:32.579Z [INFO]: GET /?showGroupGoal=true 304 - 180ms
2025-01-13T06:56:32.610Z [INFO]: GET /?size=3 304 - 238ms
2025-01-13T06:56:34.956Z [INFO]: OPTIONS /api/v1/usergoals/256/status 204 - 1ms
2025-01-13T06:56:35.099Z [INFO]: User goal updated
2025-01-13T06:56:35.102Z [INFO]: PATCH /256/status 200 - 85ms
2025-01-13T06:57:03.249Z [INFO]: OPTIONS /api/v1/NotificationSummaries 204 - 1ms
2025-01-13T06:57:03.272Z [INFO]: OPTIONS /api/v1/Notifications 204 - 1ms
2025-01-13T06:57:03.276Z [INFO]: OPTIONS /api/v1/users?limit=3 204 - 0ms
2025-01-13T06:57:03.281Z [INFO]: OPTIONS /api/v1/usergoalcategories?showGroupGoal=true 204 - 1ms
2025-01-13T06:57:03.284Z [INFO]: OPTIONS /api/v1/Posts?size=3 204 - 1ms
2025-01-13T06:57:03.296Z [INFO]: OPTIONS /api/v1/usergoals?page=1&size=5&groupBy=&userId=48 204 - 1ms
2025-01-13T06:57:03.380Z [INFO]: GET / 304 - 101ms
2025-01-13T06:57:03.405Z [INFO]: GET /?limit=3 304 - 101ms
2025-01-13T06:57:03.413Z [INFO]: GET / 304 - 111ms
2025-01-13T06:57:03.451Z [INFO]: GET /?page=1&size=5&groupBy=&userId=48 200 - 124ms
2025-01-13T06:57:03.458Z [INFO]: GET /?showGroupGoal=true 304 - 154ms
2025-01-13T06:57:03.488Z [INFO]: GET /?size=3 304 - 163ms
2025-01-13T06:57:05.093Z [INFO]: GET / 304 - 40ms
2025-01-13T06:57:05.109Z [INFO]: GET / 304 - 52ms
2025-01-13T06:57:05.118Z [INFO]: GET /?limit=3 304 - 61ms
2025-01-13T06:57:05.229Z [INFO]: GET /?page=1&size=5&groupBy=&userId=48 304 - 162ms
2025-01-13T06:57:05.235Z [INFO]: GET /?showGroupGoal=true 304 - 166ms
2025-01-13T06:57:05.261Z [INFO]: GET /?size=3 304 - 196ms
2025-01-13T07:01:12.803Z [INFO]: OPTIONS /api/v1/NotificationSummaries 204 - 1ms
2025-01-13T07:01:12.808Z [INFO]: OPTIONS /api/v1/users?limit=3 204 - 0ms
2025-01-13T07:01:12.810Z [INFO]: OPTIONS /api/v1/usergoalcategories?showGroupGoal=true 204 - 1ms
2025-01-13T07:01:12.812Z [INFO]: OPTIONS /api/v1/usergoals?page=1&size=5&groupBy=&userId=48 204 - 1ms
2025-01-13T07:01:12.816Z [INFO]: OPTIONS /api/v1/Notifications 204 - 1ms
2025-01-13T07:01:12.819Z [INFO]: OPTIONS /api/v1/Posts?size=3 204 - 0ms
2025-01-13T07:01:12.841Z [INFO]: GET / 304 - 21ms
2025-01-13T07:01:12.892Z [INFO]: GET /?limit=3 304 - 56ms
2025-01-13T07:01:12.911Z [INFO]: GET / 304 - 72ms
2025-01-13T07:01:12.914Z [INFO]: GET /?showGroupGoal=true 304 - 77ms
2025-01-13T07:01:12.924Z [INFO]: GET /?page=1&size=5&groupBy=&userId=48 304 - 85ms
2025-01-13T07:01:12.960Z [INFO]: GET /?size=3 304 - 120ms
2025-01-13T07:01:16.634Z [INFO]: OPTIONS /api/v1/usergoalcategories?showGroupGoal=false 204 - 1ms
2025-01-13T07:01:16.648Z [INFO]: GET /?showGroupGoal=false 304 - 10ms
2025-01-13T07:01:52.300Z [INFO]: OPTIONS /api/v1/usergoalcategories?showGroupGoal=false 204 - 1ms
2025-01-13T07:01:52.341Z [INFO]: GET /?showGroupGoal=false 304 - 31ms
2025-01-13T07:02:05.240Z [INFO]: OPTIONS /api/v1/usergoalcategories?showGroupGoal=false 204 - 2ms
2025-01-13T07:02:05.282Z [INFO]: GET /?showGroupGoal=false 304 - 33ms
2025-01-13T07:02:07.567Z [INFO]: OPTIONS /api/v1/users 204 - 1ms
2025-01-13T07:02:07.594Z [INFO]: GET / 304 - 23ms
2025-01-13T07:02:11.869Z [INFO]: OPTIONS /api/v1/usergoals 204 - 0ms
2025-01-13T07:02:12.000Z [INFO]: user goal created
2025-01-13T07:02:12.003Z [INFO]: POST / 201 - 128ms
2025-01-13T07:02:12.015Z [ERROR]: User 48 is not connected
2025-01-13T07:02:12.017Z [ERROR]: User 48 is not connected
2025-01-13T07:02:12.017Z [ERROR]: User 48 is not connected
2025-01-13T07:02:12.018Z [ERROR]: User 48 is not connected
2025-01-13T07:02:12.019Z [ERROR]: User 48 is not connected
2025-01-13T07:02:12.021Z [ERROR]: User 48 is not connected
2025-01-13T07:02:12.022Z [ERROR]: User 48 is not connected
2025-01-13T07:02:12.053Z [INFO]: OPTIONS /api/v1/usergoals?page=1&size=5&groupBy=&userId=48 204 - 1ms
2025-01-13T07:02:12.078Z [INFO]: GET /?page=1&size=5&groupBy=&userId=48 200 - 22ms
2025-01-13T07:02:20.497Z [INFO]: OPTIONS /api/v1/users 204 - 1ms
2025-01-13T07:02:20.500Z [INFO]: GET /avatars/av5.jpg 304 - 7ms
2025-01-13T07:02:20.512Z [INFO]: GET /avatars/av3.jpg 200 - 26ms
2025-01-13T07:02:20.527Z [INFO]: GET / 304 - 22ms
2025-01-13T07:02:20.535Z [INFO]: GET /avatars/av6.jpg 200 - 48ms
2025-01-13T07:02:27.096Z [INFO]: OPTIONS /api/v1/usergoalcategories?showGroupGoal=false 204 - 1ms
2025-01-13T07:02:27.116Z [INFO]: GET /?showGroupGoal=false 304 - 16ms
2025-01-13T07:02:32.187Z [INFO]: OPTIONS /api/v1/usergoals?page=1&size=5&groupBy=&userId=48 204 - 1ms
2025-01-13T07:02:32.191Z [INFO]: OPTIONS /api/v1/NotificationSummaries 204 - 1ms
2025-01-13T07:02:32.196Z [INFO]: OPTIONS /api/v1/Posts?size=3 204 - 1ms
2025-01-13T07:02:32.199Z [INFO]: OPTIONS /api/v1/users?limit=3 204 - 1ms
2025-01-13T07:02:32.201Z [INFO]: OPTIONS /api/v1/usergoalcategories?showGroupGoal=true 204 - 1ms
2025-01-13T07:02:32.204Z [INFO]: OPTIONS /api/v1/Notifications 204 - 1ms
2025-01-13T07:02:40.249Z [INFO]: OPTIONS /api/v1/users/login 204 - 1ms
2025-01-13T07:02:40.566Z [INFO]: POST /login 200 - 313ms
2025-01-13T07:02:43.741Z [INFO]: GET /avatars/av2.jpg 304 - 1ms
2025-01-13T07:02:43.767Z [INFO]: OPTIONS /api/v1/NotificationSummaries 204 - 1ms
2025-01-13T07:02:43.773Z [INFO]: OPTIONS /api/v1/Notifications 204 - 0ms
2025-01-13T07:02:43.780Z [INFO]: OPTIONS /api/v1/monthlyGoals 204 - 1ms
2025-01-13T07:02:43.782Z [INFO]: OPTIONS /api/v1/usergoals?size=3&userId=16 204 - 1ms
2025-01-13T07:02:43.784Z [INFO]: OPTIONS /api/v1/users?limit=3 204 - 0ms
2025-01-13T07:02:43.787Z [INFO]: OPTIONS /api/v1/Posts?size=3 204 - 0ms
2025-01-13T07:02:43.822Z [INFO]: GET / 200 - 32ms
2025-01-13T07:02:43.871Z [INFO]: GET / 200 - 75ms
2025-01-13T07:02:43.885Z [INFO]: GET / 200 - 88ms
2025-01-13T07:02:43.898Z [INFO]: GET /?size=3&userId=16 304 - 100ms
2025-01-13T07:02:43.907Z [INFO]: GET /?limit=3 304 - 109ms
2025-01-13T07:02:43.959Z [INFO]: GET /?size=3 304 - 132ms
2025-01-13T07:02:43.964Z [INFO]: GET /avatars/av1.jpg 200 - 32ms
2025-01-13T07:02:43.978Z [INFO]: GET /avatars/av5.jpg 200 - 47ms
2025-01-13T07:02:44.209Z [INFO]: GET /avatars/av11.jpg 304 - 1ms
2025-01-13T07:02:50.347Z [INFO]: OPTIONS /api/v1/Notifications/readAll 204 - 1ms
2025-01-13T07:02:50.377Z [INFO]: PATCH /readAll 200 - 26ms
2025-01-13T07:02:50.394Z [INFO]: OPTIONS /api/v1/NotificationSummaries 204 - 1ms
2025-01-13T07:02:50.408Z [INFO]: GET / 200 - 11ms
2025-01-13T07:02:55.842Z [INFO]: OPTIONS /api/v1/NotificationSummaries 204 - 1ms
2025-01-13T07:02:55.858Z [INFO]: GET / 304 - 10ms
2025-01-13T07:02:58.648Z [INFO]: GET / 304 - 11ms
2025-01-13T07:02:58.665Z [INFO]: OPTIONS /api/v1/Notifications 204 - 1ms
2025-01-13T07:02:58.671Z [INFO]: OPTIONS /api/v1/monthlyGoals 204 - 0ms
2025-01-13T07:02:58.674Z [INFO]: OPTIONS /api/v1/usergoals?size=3&userId=16 204 - 1ms
2025-01-13T07:02:58.677Z [INFO]: OPTIONS /api/v1/Posts?size=3 204 - 1ms
2025-01-13T07:02:58.681Z [INFO]: OPTIONS /api/v1/users?limit=3 204 - 1ms
2025-01-13T07:02:58.737Z [INFO]: GET / 200 - 58ms
2025-01-13T07:02:58.741Z [INFO]: GET / 304 - 55ms
2025-01-13T07:02:58.770Z [INFO]: GET /?size=3&userId=16 304 - 65ms
2025-01-13T07:02:58.782Z [INFO]: GET /?limit=3 304 - 63ms
2025-01-13T07:02:58.809Z [INFO]: GET /?size=3 304 - 90ms
2025-01-13T07:13:17.717Z [INFO]: OPTIONS /api/v1/NotificationSummaries 204 - 1ms
2025-01-13T07:13:17.725Z [INFO]: OPTIONS /api/v1/Notifications 204 - 0ms
2025-01-13T07:13:17.728Z [INFO]: OPTIONS /api/v1/monthlyGoals 204 - 0ms
2025-01-13T07:13:17.731Z [INFO]: OPTIONS /api/v1/users?limit=3 204 - 1ms
2025-01-13T07:13:17.735Z [INFO]: OPTIONS /api/v1/usergoals?size=3&userId=16 204 - 1ms
2025-01-13T07:13:17.748Z [INFO]: OPTIONS /api/v1/Posts?size=3 204 - 0ms
2025-01-13T07:13:17.840Z [INFO]: GET /?limit=3 304 - 83ms
2025-01-13T07:13:17.846Z [INFO]: GET / 304 - 90ms
2025-01-13T07:13:17.859Z [INFO]: GET /?size=3&userId=16 304 - 101ms
2025-01-13T07:13:17.866Z [INFO]: GET / 304 - 133ms
2025-01-13T07:13:17.872Z [INFO]: GET / 304 - 117ms
2025-01-13T07:13:17.908Z [INFO]: GET /?size=3 304 - 125ms
2025-01-13T07:13:23.719Z [INFO]: OPTIONS /api/v1/usergoals?page=1&size=5&groupBy=&userId=16 204 - 1ms
2025-01-13T07:13:23.724Z [INFO]: OPTIONS /api/v1/usergoalcategories?showGroupGoal=true 204 - 1ms
2025-01-13T07:13:23.760Z [INFO]: GET /?page=1&size=5&groupBy=&userId=16 200 - 30ms
2025-01-13T07:13:23.773Z [INFO]: GET /?showGroupGoal=true 304 - 11ms
2025-01-13T07:13:31.543Z [INFO]: OPTIONS /api/v1/usergoalcategories?showGroupGoal=false 204 - 1ms
2025-01-13T07:13:31.559Z [INFO]: GET /?showGroupGoal=false 200 - 11ms
2025-01-13T07:13:38.693Z [INFO]: POST /logout 200 - 3ms
2025-01-13T07:13:44.901Z [INFO]: OPTIONS /api/v1/users/login 204 - 1ms
2025-01-13T07:13:45.162Z [INFO]: POST /login 200 - 258ms
2025-01-13T07:13:48.332Z [INFO]: OPTIONS /api/v1/NotificationSummaries 204 - 0ms
2025-01-13T07:13:48.336Z [INFO]: OPTIONS /api/v1/Notifications 204 - 1ms
2025-01-13T07:13:48.339Z [INFO]: OPTIONS /api/v1/users?limit=3 204 - 1ms
2025-01-13T07:13:48.342Z [INFO]: OPTIONS /api/v1/monthlyGoals 204 - 1ms
2025-01-13T07:13:48.345Z [INFO]: OPTIONS /api/v1/usergoals?size=3&userId=48 204 - 0ms
2025-01-13T07:13:48.348Z [INFO]: OPTIONS /api/v1/Posts?size=3 204 - 1ms
2025-01-13T07:13:48.390Z [INFO]: GET / 200 - 41ms
2025-01-13T07:13:48.419Z [INFO]: GET /?limit=3 304 - 68ms
2025-01-13T07:13:48.428Z [INFO]: GET / 200 - 78ms
2025-01-13T07:13:48.504Z [INFO]: GET / 304 - 121ms
2025-01-13T07:13:48.536Z [INFO]: GET /?size=3&userId=48 200 - 148ms
2025-01-13T07:13:48.581Z [INFO]: GET /?size=3 304 - 169ms
2025-01-13T07:13:50.467Z [INFO]: OPTIONS /api/v1/usergoalcategories?showGroupGoal=true 204 - 1ms
2025-01-13T07:13:50.471Z [INFO]: OPTIONS /api/v1/usergoals?page=1&size=5&groupBy=&userId=48 204 - 0ms
2025-01-13T07:13:50.488Z [INFO]: GET /?showGroupGoal=true 304 - 15ms
2025-01-13T07:13:50.514Z [INFO]: GET /?page=1&size=5&groupBy=&userId=48 304 - 30ms
2025-01-13T07:13:53.640Z [INFO]: OPTIONS /api/v1/users 204 - 1ms
2025-01-13T07:13:53.652Z [INFO]: GET / 304 - 9ms
2025-01-13T07:13:53.694Z [INFO]: GET /avatars/av7.jpg 304 - 2ms
2025-01-13T07:13:53.700Z [INFO]: GET /avatars/av3.jpg 200 - 14ms
2025-01-13T07:13:53.703Z [INFO]: GET /avatars/av6.jpg 200 - 16ms
2025-01-13T07:14:05.909Z [INFO]: OPTIONS /api/v1/users 204 - 2ms
2025-01-13T07:14:05.934Z [INFO]: GET / 304 - 20ms
2025-01-13T07:14:07.544Z [INFO]: OPTIONS /api/v1/usergoals/257 204 - 1ms
2025-01-13T07:14:07.609Z [INFO]: user goal updated
2025-01-13T07:14:07.616Z [INFO]: PUT /257 200 - 68ms
2025-01-13T07:14:07.658Z [INFO]: OPTIONS /api/v1/usergoals?page=1&size=5&groupBy=&userId=48 204 - 1ms
2025-01-13T07:14:07.683Z [INFO]: GET /?page=1&size=5&groupBy=&userId=48 200 - 20ms
2025-01-13T07:14:10.937Z [INFO]: OPTIONS /api/v1/usergoalcategories?showGroupGoal=false 204 - 1ms
2025-01-13T07:14:10.973Z [INFO]: GET /?showGroupGoal=false 200 - 31ms
2025-01-13T07:14:43.942Z [INFO]: OPTIONS /api/v1/usergoalcategories?showGroupGoal=false 204 - 0ms
2025-01-13T07:14:43.984Z [INFO]: GET /?showGroupGoal=false 304 - 36ms
2025-01-13T07:14:50.163Z [INFO]: OPTIONS /api/v1/usergoalcategories?showGroupGoal=false 204 - 1ms
2025-01-13T07:14:50.177Z [INFO]: GET /?showGroupGoal=false 304 - 11ms
2025-01-13T07:14:51.408Z [INFO]: OPTIONS /api/v1/users 204 - 1ms
2025-01-13T07:14:51.436Z [INFO]: GET / 304 - 10ms
2025-01-13T07:14:55.445Z [INFO]: OPTIONS /api/v1/usergoals 204 - 0ms
2025-01-13T07:14:55.506Z [INFO]: user goal created
2025-01-13T07:14:55.507Z [INFO]: POST / 201 - 58ms
2025-01-13T07:14:55.515Z [ERROR]: User 48 is not connected
2025-01-13T07:14:55.520Z [ERROR]: User 48 is not connected
2025-01-13T07:14:55.521Z [ERROR]: User 48 is not connected
2025-01-13T07:14:55.522Z [ERROR]: User 48 is not connected
2025-01-13T07:14:55.523Z [ERROR]: User 48 is not connected
2025-01-13T07:14:55.524Z [ERROR]: User 48 is not connected
2025-01-13T07:14:55.550Z [INFO]: OPTIONS /api/v1/usergoals?page=1&size=5&groupBy=&userId=48 204 - 1ms
2025-01-13T07:14:55.575Z [INFO]: GET /?page=1&size=5&groupBy=&userId=48 200 - 20ms
2025-01-13T07:15:31.683Z [INFO]: OPTIONS /api/v1/users/login 204 - 1ms
2025-01-13T07:15:31.713Z [ERROR]: User does not exist
2025-01-13T07:15:31.719Z [WARN]: POST /login 400 - 31ms
2025-01-13T07:15:39.845Z [INFO]: OPTIONS /api/v1/users/login 204 - 2ms
2025-01-13T07:15:40.159Z [WARN]: POST /login 400 - 295ms
2025-01-13T07:15:49.977Z [INFO]: OPTIONS /api/v1/users/login 204 - 1ms
2025-01-13T07:15:50.211Z [WARN]: POST /login 400 - 230ms
2025-01-13T07:16:22.090Z [INFO]: OPTIONS /api/v1/users/login 204 - 1ms
2025-01-13T07:16:22.298Z [INFO]: POST /login 200 - 204ms
2025-01-13T07:16:25.488Z [INFO]: GET /avatars/av2.jpg 200 - 7ms
2025-01-13T07:16:25.516Z [INFO]: OPTIONS /api/v1/NotificationSummaries 204 - 1ms
2025-01-13T07:16:25.520Z [INFO]: OPTIONS /api/v1/Notifications 204 - 1ms
2025-01-13T07:16:25.526Z [INFO]: OPTIONS /api/v1/usergoals?size=3&userId=16 204 - 1ms
2025-01-13T07:16:25.532Z [INFO]: OPTIONS /api/v1/monthlyGoals 204 - 1ms
2025-01-13T07:16:25.540Z [INFO]: OPTIONS /api/v1/users?limit=3 204 - 1ms
2025-01-13T07:16:25.543Z [INFO]: OPTIONS /api/v1/Posts?size=3 204 - 1ms
2025-01-13T07:16:25.584Z [INFO]: GET / 200 - 38ms
2025-01-13T07:16:25.594Z [INFO]: GET / 200 - 47ms
2025-01-13T07:16:25.633Z [INFO]: GET /?size=3&userId=16 304 - 78ms
2025-01-13T07:16:25.638Z [INFO]: GET /?limit=3 304 - 72ms
2025-01-13T07:16:25.647Z [INFO]: GET / 304 - 89ms
2025-01-13T07:16:25.683Z [INFO]: GET /?size=3 304 - 116ms
2025-01-13T07:16:25.720Z [INFO]: GET /avatars/av11.jpg 304 - 3ms
2025-01-13T07:16:25.722Z [INFO]: GET /avatars/av1.jpg 200 - 7ms
2025-01-13T07:16:25.726Z [INFO]: GET /avatars/av5.jpg 200 - 12ms
2025-01-13T07:16:31.462Z [INFO]: OPTIONS /api/v1/usergoals?page=1&size=5&groupBy=&userId=16 204 - 0ms
2025-01-13T07:16:31.465Z [INFO]: OPTIONS /api/v1/usergoalcategories?showGroupGoal=true 204 - 1ms
2025-01-13T07:16:31.499Z [INFO]: GET /?page=1&size=5&groupBy=&userId=16 304 - 31ms
2025-01-13T07:16:31.509Z [INFO]: GET /?showGroupGoal=true 304 - 25ms
2025-01-13T07:16:35.425Z [INFO]: OPTIONS /api/v1/Notifications/readAll 204 - 1ms
2025-01-13T07:16:35.457Z [INFO]: PATCH /readAll 200 - 28ms
2025-01-13T07:16:35.471Z [INFO]: OPTIONS /api/v1/NotificationSummaries 204 - 1ms
2025-01-13T07:16:35.482Z [INFO]: GET / 200 - 6ms
2025-01-13T07:16:53.623Z [INFO]: OPTIONS /api/v1/users?order=ASC 204 - 1ms
2025-01-13T07:16:53.648Z [INFO]: GET /?order=ASC 304 - 12ms
2025-01-13T07:16:53.704Z [INFO]: GET /avatars/av7.jpg 304 - 7ms
2025-01-13T07:16:53.709Z [INFO]: GET /avatars/av3.jpg 200 - 15ms
2025-01-13T07:16:53.713Z [INFO]: GET /avatars/av6.jpg 200 - 17ms
2025-01-13T07:17:01.554Z [INFO]: OPTIONS /api/v1/users/undefined 204 - 0ms
2025-01-13T07:17:01.556Z [INFO]: OPTIONS /api/v1/Posts?page=1&size=5&groupBy=&userId=undefined 204 - 0ms
2025-01-13T07:17:01.559Z [INFO]: OPTIONS /api/v1/usergoals?page=1&size=5&groupBy=&userId=undefined&partnerId=16 204 - 1ms
2025-01-13T07:17:01.597Z [WARN]: GET /undefined 404 - 30ms
2025-01-13T07:17:03.676Z [INFO]: GET /avatars/av2.jpg 200 - 3ms
2025-01-13T07:17:03.716Z [INFO]: OPTIONS /api/v1/users/50 204 - 0ms
2025-01-13T07:17:03.720Z [INFO]: OPTIONS /api/v1/usergoals?page=1&size=5&groupBy=&userId=50&partnerId=16 204 - 1ms
2025-01-13T07:17:03.724Z [INFO]: OPTIONS /api/v1/NotificationSummaries 204 - 1ms
2025-01-13T07:17:03.727Z [INFO]: OPTIONS /api/v1/Notifications 204 - 1ms
2025-01-13T07:17:03.730Z [INFO]: OPTIONS /api/v1/users?limit=3 204 - 1ms
2025-01-13T07:17:03.737Z [INFO]: OPTIONS /api/v1/Posts?page=1&size=5&groupBy=&userId=50 204 - 0ms
2025-01-13T07:17:03.739Z [INFO]: OPTIONS /api/v1/Posts?size=3 204 - 0ms
2025-01-13T07:17:03.800Z [INFO]: GET /?page=1&size=5&groupBy=&userId=50&partnerId=16 200 - 33ms
2025-01-13T07:17:03.806Z [INFO]: GET / 304 - 38ms
2025-01-13T07:17:03.829Z [INFO]: GET /50 200 - 70ms
2025-01-13T07:17:03.838Z [INFO]: GET /?limit=3 304 - 63ms
2025-01-13T07:17:03.850Z [INFO]: GET / 200 - 76ms
2025-01-13T07:17:03.874Z [INFO]: GET /?page=1&size=5&groupBy=&userId=50 200 - 71ms
2025-01-13T07:17:03.898Z [INFO]: GET /avatars/av11.jpg 304 - 21ms
2025-01-13T07:17:03.936Z [INFO]: GET /?size=3 304 - 114ms
2025-01-13T07:17:03.940Z [INFO]: GET /avatars/av1.jpg 200 - 35ms
2025-01-13T07:17:03.956Z [INFO]: GET /avatars/av5.jpg 200 - 18ms
2025-01-13T07:17:13.615Z [INFO]: GET /avatars/av2.jpg 304 - 1ms
2025-01-13T07:17:13.638Z [INFO]: OPTIONS /api/v1/NotificationSummaries 204 - 1ms
2025-01-13T07:17:13.640Z [INFO]: OPTIONS /api/v1/Notifications 204 - 0ms
2025-01-13T07:17:13.669Z [INFO]: OPTIONS /api/v1/users/undefined 204 - 0ms
2025-01-13T07:17:13.672Z [INFO]: OPTIONS /api/v1/usergoals?page=1&size=5&groupBy=&userId=undefined&partnerId=16 204 - 1ms
2025-01-13T07:17:13.679Z [INFO]: OPTIONS /api/v1/Posts?size=3 204 - 2ms
2025-01-13T07:17:13.683Z [INFO]: OPTIONS /api/v1/users?limit=3 204 - 1ms
2025-01-13T07:17:13.691Z [INFO]: OPTIONS /api/v1/Posts?page=1&size=5&groupBy=&userId=undefined 204 - 1ms
2025-01-13T07:17:13.705Z [INFO]: GET / 304 - 31ms
2025-01-13T07:17:13.717Z [INFO]: GET / 304 - 41ms
2025-01-13T07:17:13.745Z [WARN]: GET /undefined 404 - 24ms
2025-01-13T07:17:13.801Z [ERROR]: GET /?page=1&size=5&groupBy=&userId=undefined&partnerId=16 500 - 80ms
2025-01-13T07:17:13.822Z [INFO]: GET /?limit=3 304 - 84ms
2025-01-13T07:17:13.835Z [INFO]: GET /?page=1&size=5&groupBy=&userId=undefined 200 - 93ms
2025-01-13T07:17:13.857Z [INFO]: GET /avatars/av5.jpg 304 - 5ms
2025-01-13T07:17:13.861Z [INFO]: GET /avatars/av1.jpg 304 - 8ms
2025-01-13T07:17:13.882Z [INFO]: GET /avatars/av11.jpg 304 - 13ms
2025-01-13T07:17:13.901Z [INFO]: GET /?size=3 304 - 168ms
2025-01-13T07:17:14.805Z [WARN]: GET /undefined 404 - 4ms
2025-01-13T07:17:14.846Z [ERROR]: GET /?page=1&size=5&groupBy=&userId=undefined&partnerId=16 500 - 11ms
2025-01-13T07:17:16.835Z [WARN]: GET /undefined 404 - 4ms
2025-01-13T07:17:16.882Z [ERROR]: GET /?page=1&size=5&groupBy=&userId=undefined&partnerId=16 500 - 13ms
2025-01-13T07:17:20.882Z [INFO]: OPTIONS /api/v1/users/undefined 204 - 1ms
2025-01-13T07:17:20.911Z [WARN]: GET /undefined 404 - 18ms
2025-01-13T07:17:20.930Z [INFO]: OPTIONS /api/v1/usergoals?page=1&size=5&groupBy=&userId=undefined&partnerId=16 204 - 1ms
2025-01-13T07:17:20.946Z [ERROR]: GET /?page=1&size=5&groupBy=&userId=undefined&partnerId=16 500 - 11ms
2025-01-13T07:17:32.384Z [INFO]: GET /avatars/av2.jpg 200 - 3ms
2025-01-13T07:17:32.428Z [INFO]: OPTIONS /api/v1/NotificationSummaries 204 - 0ms
2025-01-13T07:17:32.500Z [INFO]: GET / 304 - 47ms
2025-01-13T07:17:35.342Z [INFO]: GET / 304 - 8ms
2025-01-13T07:17:40.713Z [INFO]: GET /avatars/av2.jpg 200 - 5ms
2025-01-13T07:17:40.738Z [INFO]: OPTIONS /api/v1/NotificationSummaries 204 - 2ms
2025-01-13T07:17:40.740Z [INFO]: OPTIONS /api/v1/monthlyGoals 204 - 1ms
2025-01-13T07:17:40.742Z [INFO]: OPTIONS /api/v1/Notifications 204 - 0ms
2025-01-13T07:17:40.745Z [INFO]: OPTIONS /api/v1/usergoals?size=3&userId=16 204 - 0ms
2025-01-13T07:17:40.749Z [INFO]: OPTIONS /api/v1/users?limit=3 204 - 1ms
2025-01-13T07:17:40.752Z [INFO]: OPTIONS /api/v1/Posts?size=3 204 - 1ms
2025-01-13T07:17:40.797Z [INFO]: GET / 304 - 39ms
2025-01-13T07:17:40.814Z [INFO]: GET / 304 - 53ms
2025-01-13T07:17:40.860Z [INFO]: GET / 304 - 98ms
2025-01-13T07:17:40.866Z [INFO]: GET /?limit=3 304 - 83ms
2025-01-13T07:17:40.881Z [INFO]: GET /?size=3&userId=16 304 - 118ms
2025-01-13T07:17:40.915Z [INFO]: GET /?size=3 304 - 120ms
2025-01-13T07:17:41.091Z [INFO]: GET /avatars/av11.jpg 304 - 1ms
2025-01-13T07:17:41.094Z [INFO]: GET /avatars/av1.jpg 200 - 6ms
2025-01-13T07:17:41.095Z [INFO]: GET /avatars/av5.jpg 200 - 8ms
2025-01-13T07:17:42.835Z [INFO]: OPTIONS /api/v1/users?order=ASC 204 - 1ms
2025-01-13T07:17:42.849Z [INFO]: GET /?order=ASC 304 - 9ms
2025-01-13T07:17:42.897Z [INFO]: GET /avatars/av7.jpg 304 - 2ms
2025-01-13T07:17:42.904Z [INFO]: GET /avatars/av3.jpg 200 - 11ms
2025-01-13T07:17:42.908Z [INFO]: GET /avatars/av6.jpg 200 - 15ms
2025-01-13T07:17:45.136Z [INFO]: OPTIONS /api/v1/users/48 204 - 1ms
2025-01-13T07:17:45.139Z [INFO]: OPTIONS /api/v1/usergoals?page=1&size=5&groupBy=&userId=48&partnerId=16 204 - 1ms
2025-01-13T07:17:45.141Z [INFO]: OPTIONS /api/v1/Posts?page=1&size=5&groupBy=&userId=48 204 - 1ms
2025-01-13T07:17:45.150Z [INFO]: GET /48 200 - 7ms
2025-01-13T07:17:45.192Z [INFO]: GET /?page=1&size=5&groupBy=&userId=48&partnerId=16 200 - 38ms
2025-01-13T07:17:45.204Z [INFO]: GET /?page=1&size=5&groupBy=&userId=48 200 - 50ms
2025-01-13T07:18:02.566Z [INFO]: OPTIONS /api/v1/users?order=ASC 204 - 1ms
2025-01-13T07:18:02.586Z [INFO]: GET /?order=ASC 304 - 17ms
2025-01-13T07:18:28.197Z [INFO]: OPTIONS /api/v1/users/16 204 - 1ms
2025-01-13T07:18:28.205Z [INFO]: OPTIONS /api/v1/usergoals?page=1&size=5&groupBy=&userId=16&partnerId=16 204 - 1ms
2025-01-13T07:18:28.208Z [INFO]: OPTIONS /api/v1/Posts?page=1&size=5&groupBy=&userId=16 204 - 1ms
2025-01-13T07:18:28.237Z [INFO]: GET /16 200 - 26ms
2025-01-13T07:18:28.278Z [INFO]: GET /?page=1&size=5&groupBy=&userId=16&partnerId=16 200 - 57ms
2025-01-13T07:18:28.329Z [INFO]: GET /?page=1&size=5&groupBy=&userId=16 200 - 98ms
2025-01-13T07:18:42.371Z [WARN]: GET /avatars/undefined 404 - 6ms
2025-01-13T07:18:42.375Z [INFO]: OPTIONS /api/v1/points 204 - 1ms
2025-01-13T07:18:42.416Z [INFO]: GET / 200 - 27ms
2025-01-13T07:18:55.852Z [INFO]: OPTIONS /api/v1/Donations 204 - 0ms
2025-01-13T07:18:55.949Z [INFO]: GET / 200 - 88ms
2025-01-13T07:18:58.463Z [INFO]: OPTIONS /api/v1/usergoals?page=1&size=5&groupBy=&userId=16 204 - 0ms
2025-01-13T07:18:58.466Z [INFO]: OPTIONS /api/v1/usergoalcategories?showGroupGoal=true 204 - 1ms
2025-01-13T07:18:58.504Z [INFO]: GET /?page=1&size=5&groupBy=&userId=16 304 - 27ms
2025-01-13T07:18:58.516Z [INFO]: GET /?showGroupGoal=true 304 - 34ms
2025-01-13T07:21:01.583Z [INFO]: OPTIONS /api/v1/NotificationSummaries 204 - 1ms
2025-01-13T07:21:01.611Z [INFO]: OPTIONS /api/v1/Notifications 204 - 1ms
2025-01-13T07:21:01.621Z [INFO]: OPTIONS /api/v1/users?limit=3 204 - 1ms
2025-01-13T07:21:01.625Z [INFO]: OPTIONS /api/v1/Posts?size=3 204 - 1ms
2025-01-13T07:21:01.628Z [INFO]: OPTIONS /api/v1/usergoals?page=1&size=5&groupBy=&userId=16 204 - 1ms
2025-01-13T07:21:01.632Z [INFO]: OPTIONS /api/v1/usergoalcategories?showGroupGoal=true 204 - 2ms
2025-01-13T07:21:01.737Z [INFO]: GET / 304 - 124ms
2025-01-13T07:21:01.743Z [INFO]: GET /?limit=3 304 - 106ms
2025-01-13T07:21:01.759Z [INFO]: GET / 304 - 123ms
2025-01-13T07:21:01.795Z [INFO]: GET /?page=1&size=5&groupBy=&userId=16 304 - 134ms
2025-01-13T07:21:01.834Z [INFO]: GET /?showGroupGoal=true 304 - 172ms
2025-01-13T07:21:01.872Z [INFO]: GET /?size=3 304 - 211ms
2025-01-13T07:21:03.127Z [INFO]: GET / 304 - 51ms
2025-01-13T07:21:03.156Z [INFO]: GET / 304 - 79ms
2025-01-13T07:21:03.196Z [INFO]: GET /?page=1&size=5&groupBy=&userId=16 304 - 110ms
2025-01-13T07:21:03.203Z [INFO]: GET /?limit=3 304 - 125ms
2025-01-13T07:21:03.231Z [INFO]: GET /?showGroupGoal=true 304 - 127ms
2025-01-13T07:21:03.276Z [INFO]: GET /?size=3 304 - 191ms
2025-01-13T07:21:06.938Z [INFO]: GET /avatars/av7.jpg 304 - 2ms
2025-01-13T07:21:06.942Z [INFO]: GET /avatars/av3.jpg 304 - 1ms
2025-01-13T07:21:06.944Z [INFO]: GET /avatars/av6.jpg 304 - 3ms
2025-01-13T07:21:06.958Z [INFO]: OPTIONS /api/v1/users?order=ASC 204 - 1ms
2025-01-13T07:21:06.981Z [INFO]: GET /?order=ASC 304 - 10ms
2025-01-13T07:21:12.638Z [INFO]: OPTIONS /api/v1/users/4 204 - 1ms
2025-01-13T07:21:12.643Z [INFO]: OPTIONS /api/v1/Posts?page=1&size=5&groupBy=&userId=4 204 - 1ms
2025-01-13T07:21:12.646Z [INFO]: OPTIONS /api/v1/usergoals?page=1&size=5&groupBy=&userId=4&partnerId=16 204 - 1ms
2025-01-13T07:21:12.674Z [INFO]: GET /4 200 - 8ms
2025-01-13T07:21:12.688Z [INFO]: GET /?page=1&size=5&groupBy=&userId=4 200 - 21ms
2025-01-13T07:21:12.706Z [INFO]: GET /?page=1&size=5&groupBy=&userId=4&partnerId=16 200 - 29ms
2025-01-13T07:21:22.717Z [INFO]: OPTIONS /api/v1/NotificationSummaries 204 - 1ms
2025-01-13T07:21:22.720Z [INFO]: OPTIONS /api/v1/Notifications 204 - 1ms
2025-01-13T07:21:22.725Z [INFO]: OPTIONS /api/v1/users/4 204 - 0ms
2025-01-13T07:21:22.729Z [INFO]: OPTIONS /api/v1/Posts?size=3 204 - 2ms
2025-01-13T07:21:22.731Z [INFO]: OPTIONS /api/v1/users?limit=3 204 - 0ms
2025-01-13T07:21:22.736Z [INFO]: OPTIONS /api/v1/Posts?page=1&size=5&groupBy=&userId=4 204 - 0ms
2025-01-13T07:21:22.739Z [INFO]: OPTIONS /api/v1/usergoals?page=1&size=5&groupBy=&userId=4&partnerId=16 204 - 1ms
2025-01-13T07:21:22.769Z [INFO]: GET /4 304 - 27ms
2025-01-13T07:21:22.783Z [INFO]: GET / 304 - 42ms
2025-01-13T07:21:22.803Z [INFO]: GET / 304 - 61ms
2025-01-13T07:21:22.820Z [INFO]: GET /?limit=3 304 - 55ms
2025-01-13T07:21:22.844Z [INFO]: GET /?page=1&size=5&groupBy=&userId=4 304 - 78ms
2025-01-13T07:21:22.868Z [INFO]: GET /?page=1&size=5&groupBy=&userId=4&partnerId=16 304 - 63ms
2025-01-13T07:21:22.886Z [INFO]: GET /?size=3 304 - 133ms
2025-01-13T07:21:24.317Z [INFO]: GET / 304 - 33ms
2025-01-13T07:21:24.326Z [INFO]: GET / 304 - 41ms
2025-01-13T07:21:24.359Z [INFO]: GET /4 304 - 64ms
2025-01-13T07:21:24.387Z [INFO]: GET /?limit=3 304 - 94ms
2025-01-13T07:21:24.416Z [INFO]: GET /?page=1&size=5&groupBy=&userId=4&partnerId=16 304 - 120ms
2025-01-13T07:21:24.474Z [INFO]: GET /?page=1&size=5&groupBy=&userId=4 304 - 93ms
2025-01-13T07:21:24.482Z [INFO]: GET /?size=3 304 - 188ms
2025-01-13T07:21:37.227Z [INFO]: OPTIONS /api/v1/monthlyGoals 204 - 1ms
2025-01-13T07:21:37.230Z [INFO]: OPTIONS /api/v1/usergoals?size=3&userId=16 204 - 0ms
2025-01-13T07:21:37.284Z [INFO]: GET / 304 - 38ms
2025-01-13T07:21:37.302Z [INFO]: GET /?size=3&userId=16 304 - 48ms
