2025-01-13T06:52:34.317Z [INFO]: OPTIONS /api/v1/monthlyGoals 204 - 2ms
2025-01-13T06:52:34.338Z [INFO]: OPTIONS /api/v1/Posts?size=3 204 - 2ms
2025-01-13T06:52:34.369Z [INFO]: OPTIONS /api/v1/usergoals?size=3&userId=48 204 - 1ms
2025-01-13T06:52:34.377Z [INFO]: OPTIONS /api/v1/users?limit=3 204 - 4ms
2025-01-13T06:52:34.383Z [INFO]: OPTIONS /api/v1/Notifications 204 - 1ms
2025-01-13T06:52:34.402Z [INFO]: OPTIONS /api/v1/NotificationSummaries 204 - 2ms
2025-01-13T06:52:34.756Z [INFO]: GET / 304 - 230ms
2025-01-13T06:52:34.808Z [INFO]: GET /?limit=3 304 - 195ms
2025-01-13T06:52:34.835Z [INFO]: GET / 304 - 221ms
2025-01-13T06:52:34.865Z [INFO]: GET /?size=3&userId=48 304 - 248ms
2025-01-13T06:52:34.883Z [INFO]: GET / 304 - 267ms
2025-01-13T06:52:34.988Z [INFO]: GET /?size=3 304 - 458ms
2025-01-13T06:52:43.477Z [INFO]: OPTIONS /api/v1/NotificationSummaries 204 - 2ms
2025-01-13T06:52:43.483Z [INFO]: OPTIONS /api/v1/usergoals?size=3&userId=48 204 - 2ms
2025-01-13T06:52:43.498Z [INFO]: OPTIONS /api/v1/monthlyGoals 204 - 1ms
2025-01-13T06:52:43.505Z [INFO]: OPTIONS /api/v1/Posts?size=3 204 - 1ms
2025-01-13T06:52:43.511Z [INFO]: OPTIONS /api/v1/users?limit=3 204 - 1ms
2025-01-13T06:52:43.516Z [INFO]: OPTIONS /api/v1/Notifications 204 - 1ms
2025-01-13T06:52:46.275Z [INFO]: GET / 304 - 2748ms
2025-01-13T06:52:46.290Z [INFO]: GET /?size=3&userId=48 304 - 2761ms
2025-01-13T06:52:46.300Z [INFO]: GET / 304 - 2764ms
2025-01-13T06:52:46.465Z [INFO]: GET /?limit=3 304 - 2910ms
2025-01-13T06:52:46.476Z [INFO]: GET / 304 - 2920ms
2025-01-13T06:52:46.716Z [INFO]: OPTIONS /api/v1/Posts?page=1&size=5&groupBy= 204 - 1ms
2025-01-13T06:52:51.180Z [INFO]: GET /?size=3 304 - 7642ms
2025-01-13T06:52:54.528Z [INFO]: GET /?page=1&size=5&groupBy= 304 - 7803ms
2025-01-13T06:52:54.599Z [INFO]: GET /avatars/av7.jpg 200 - 16ms
2025-01-13T06:53:17.417Z [INFO]: OPTIONS /api/v1/NotificationSummaries 204 - 2ms
2025-01-13T06:53:17.429Z [INFO]: OPTIONS /api/v1/Notifications 204 - 1ms
2025-01-13T06:53:17.446Z [INFO]: OPTIONS /api/v1/users?limit=3 204 - 1ms
2025-01-13T06:53:17.461Z [INFO]: OPTIONS /api/v1/Posts?size=3 204 - 1ms
2025-01-13T06:53:17.467Z [INFO]: OPTIONS /api/v1/Posts?page=1&size=5&groupBy= 204 - 1ms
2025-01-13T06:53:17.585Z [INFO]: GET / 304 - 135ms
2025-01-13T06:53:17.595Z [INFO]: GET / 304 - 124ms
2025-01-13T06:53:17.603Z [INFO]: GET /?limit=3 304 - 130ms
2025-01-13T06:53:17.689Z [INFO]: GET /?page=1&size=5&groupBy= 304 - 184ms
2025-01-13T06:53:17.702Z [INFO]: GET /?size=3 304 - 203ms
2025-01-13T06:53:18.744Z [INFO]: GET / 304 - 11ms
2025-01-13T06:53:18.804Z [INFO]: GET / 304 - 54ms
2025-01-13T06:53:18.810Z [INFO]: GET /?limit=3 304 - 58ms
2025-01-13T06:53:18.908Z [INFO]: GET /?size=3 304 - 154ms
2025-01-13T06:53:18.948Z [INFO]: GET /?page=1&size=5&groupBy= 304 - 135ms
2025-01-13T06:53:21.369Z [INFO]: POST /logout 200 - 2ms
2025-01-13T06:53:27.438Z [INFO]: OPTIONS /api/v1/users/login 204 - 1ms
2025-01-13T06:53:27.478Z [ERROR]: User does not exist
2025-01-13T06:53:27.481Z [WARN]: POST /login 400 - 11ms
2025-01-13T06:54:02.795Z [INFO]: OPTIONS /api/v1/users/login 204 - 0ms
2025-01-13T06:54:03.102Z [INFO]: POST /login 200 - 302ms
2025-01-13T06:54:06.263Z [INFO]: OPTIONS /api/v1/NotificationSummaries 204 - 1ms
2025-01-13T06:54:06.266Z [INFO]: OPTIONS /api/v1/Notifications 204 - 1ms
2025-01-13T06:54:06.270Z [INFO]: OPTIONS /api/v1/monthlyGoals 204 - 1ms
2025-01-13T06:54:06.275Z [INFO]: OPTIONS /api/v1/usergoals?size=3&userId=48 204 - 1ms
2025-01-13T06:54:06.278Z [INFO]: OPTIONS /api/v1/users?limit=3 204 - 1ms
2025-01-13T06:54:06.283Z [INFO]: OPTIONS /api/v1/Posts?size=3 204 - 1ms
2025-01-13T06:54:06.335Z [INFO]: GET / 304 - 49ms
2025-01-13T06:54:06.340Z [INFO]: GET / 304 - 46ms
2025-01-13T06:54:06.353Z [INFO]: GET / 304 - 61ms
2025-01-13T06:54:06.366Z [INFO]: GET /?size=3&userId=48 304 - 71ms
2025-01-13T06:54:06.381Z [INFO]: GET /?limit=3 304 - 68ms
2025-01-13T06:54:06.417Z [INFO]: GET /?size=3 304 - 84ms
2025-01-13T06:54:08.667Z [INFO]: OPTIONS /api/v1/usergoals?page=1&size=5&groupBy=&userId=48 204 - 2ms
2025-01-13T06:54:08.672Z [INFO]: OPTIONS /api/v1/usergoalcategories?showGroupGoal=true 204 - 1ms
2025-01-13T06:54:08.710Z [INFO]: GET /?page=1&size=5&groupBy=&userId=48 200 - 27ms
2025-01-13T06:54:08.720Z [INFO]: GET /?showGroupGoal=true 304 - 36ms
2025-01-13T06:54:10.482Z [INFO]: OPTIONS /api/v1/usergoalcategories?showGroupGoal=false 204 - 0ms
2025-01-13T06:54:10.499Z [INFO]: GET /?showGroupGoal=false 200 - 13ms
2025-01-13T06:54:42.025Z [INFO]: OPTIONS /api/v1/usergoalcategories?showGroupGoal=false 204 - 2ms
2025-01-13T06:54:42.056Z [INFO]: GET /?showGroupGoal=false 304 - 26ms
2025-01-13T06:54:43.660Z [INFO]: OPTIONS /api/v1/users 204 - 1ms
2025-01-13T06:54:43.671Z [INFO]: GET / 200 - 7ms
2025-01-13T06:54:51.874Z [INFO]: OPTIONS /api/v1/usergoals 204 - 1ms
2025-01-13T06:54:51.989Z [INFO]: user goal created
2025-01-13T06:54:51.991Z [INFO]: POST / 201 - 112ms
2025-01-13T06:54:52.001Z [ERROR]: User 48 is not connected
2025-01-13T06:54:52.002Z [ERROR]: User 48 is not connected
2025-01-13T06:54:52.003Z [ERROR]: User 48 is not connected
2025-01-13T06:54:52.004Z [ERROR]: User 48 is not connected
2025-01-13T06:54:52.005Z [ERROR]: User 48 is not connected
2025-01-13T06:54:52.006Z [ERROR]: User 48 is not connected
2025-01-13T06:54:52.007Z [ERROR]: User 48 is not connected
2025-01-13T06:54:52.013Z [INFO]: OPTIONS /api/v1/usergoals?page=1&size=5&groupBy=&userId=48 204 - 1ms
2025-01-13T06:54:52.059Z [INFO]: GET /?page=1&size=5&groupBy=&userId=48 200 - 22ms
2025-01-13T06:55:04.814Z [INFO]: OPTIONS /api/v1/NotificationSummaries 204 - 0ms
2025-01-13T06:55:04.816Z [INFO]: OPTIONS /api/v1/Notifications 204 - 0ms
2025-01-13T06:55:04.819Z [INFO]: OPTIONS /api/v1/Posts?size=3 204 - 0ms
2025-01-13T06:55:04.822Z [INFO]: OPTIONS /api/v1/usergoals?page=1&size=5&groupBy=&userId=48 204 - 1ms
2025-01-13T06:55:04.826Z [INFO]: OPTIONS /api/v1/usergoalcategories?showGroupGoal=true 204 - 1ms
2025-01-13T06:55:04.828Z [INFO]: OPTIONS /api/v1/users?limit=3 204 - 0ms
2025-01-13T06:55:04.912Z [INFO]: GET / 304 - 80ms
2025-01-13T06:55:04.916Z [INFO]: GET / 304 - 85ms
2025-01-13T06:55:04.933Z [INFO]: GET /?page=1&size=5&groupBy=&userId=48 304 - 82ms
2025-01-13T06:55:04.949Z [INFO]: GET /?limit=3 304 - 90ms
2025-01-13T06:55:04.965Z [INFO]: GET /?showGroupGoal=true 304 - 113ms
2025-01-13T06:55:04.999Z [INFO]: GET /?size=3 304 - 160ms
2025-01-13T06:55:05.938Z [INFO]: GET / 304 - 26ms
2025-01-13T06:55:05.983Z [INFO]: GET / 304 - 66ms
2025-01-13T06:55:05.991Z [INFO]: GET /?limit=3 304 - 72ms
2025-01-13T06:55:06.062Z [INFO]: GET /?page=1&size=5&groupBy=&userId=48 304 - 128ms
2025-01-13T06:55:06.079Z [INFO]: GET /?showGroupGoal=true 304 - 143ms
2025-01-13T06:55:06.116Z [INFO]: GET /?size=3 304 - 186ms
2025-01-13T06:55:08.173Z [INFO]: OPTIONS /api/v1/usergoals/256/status 204 - 0ms
2025-01-13T06:55:08.224Z [INFO]: PATCH /256/status 200 - 45ms
